<?xml version="1.0" encoding="UTF-8"?>
<!-- Generated by org.testng.reporters.JUnitReportReporter -->
<testsuite hostname="ShubhamPC" failures="0" tests="2" name="com.hyrsite.qa.util.ExcelDataReader" time="0.009" errors="0" timestamp="2023-05-14T19:04:19 IST" skipped="0">
  <testcase classname="com.hyrsite.qa.util.ExcelDataReader" name="testData" time="0.001"/>
  <system-out/>
  <testcase classname="com.hyrsite.qa.util.ExcelDataReader" name="testData" time="0.008"/>
  <system-out/>
</testsuite> <!-- com.hyrsite.qa.util.ExcelDataReader -->
